[24-Jun-2023 12:57:48 UTC] PHP Warning:  Trying to access array offset on value of type null in C:\Users\olsia\Local Sites\deval\app\public\wp-content\themes\dev.al-theme\index.php on line 12
[24-Jun-2023 12:57:48 UTC] PHP Warning:  Trying to access array offset on value of type null in C:\Users\olsia\Local Sites\deval\app\public\wp-content\themes\dev.al-theme\index.php on line 12
[24-Jun-2023 13:33:14 UTC] PHP Parse error:  syntax error, unexpected token "<", expecting end of file in C:\Users\olsia\Local Sites\deval\app\public\wp-content\themes\dev.al-theme\functions.php on line 22
[24-Jun-2023 13:33:14 UTC] PHP Warning:  Trying to access array offset on value of type bool in C:\Users\olsia\Local Sites\deval\app\public\wp-includes\class-wp-recovery-mode-email-service.php on line 367
[24-Jun-2023 13:33:14 UTC] PHP Warning:  Trying to access array offset on value of type bool in C:\Users\olsia\Local Sites\deval\app\public\wp-includes\class-wp-recovery-mode-email-service.php on line 368
[24-Jun-2023 13:33:18 UTC] PHP Parse error:  syntax error, unexpected token "<", expecting end of file in C:\Users\olsia\Local Sites\deval\app\public\wp-content\themes\dev.al-theme\functions.php on line 22
[24-Jun-2023 13:33:18 UTC] PHP Parse error:  syntax error, unexpected token "<", expecting end of file in C:\Users\olsia\Local Sites\deval\app\public\wp-content\themes\dev.al-theme\functions.php on line 22
[24-Jun-2023 13:33:21 UTC] PHP Parse error:  syntax error, unexpected token "<", expecting end of file in C:\Users\olsia\Local Sites\deval\app\public\wp-content\themes\dev.al-theme\functions.php on line 22
[24-Jun-2023 13:33:21 UTC] PHP Parse error:  syntax error, unexpected token "<", expecting end of file in C:\Users\olsia\Local Sites\deval\app\public\wp-content\themes\dev.al-theme\functions.php on line 22
[24-Jun-2023 13:33:21 UTC] PHP Parse error:  syntax error, unexpected token "<", expecting end of file in C:\Users\olsia\Local Sites\deval\app\public\wp-content\themes\dev.al-theme\functions.php on line 22
[24-Jun-2023 13:51:43 UTC] PHP Fatal error:  Uncaught TypeError: ltrim(): Argument #1 ($string) must be of type string, array given in C:\Users\olsia\Local Sites\deval\app\public\wp-includes\formatting.php:4415
Stack trace:
#0 C:\Users\olsia\Local Sites\deval\app\public\wp-includes\formatting.php(4415): ltrim(Array)
#1 C:\Users\olsia\Local Sites\deval\app\public\wp-content\themes\dev.al-theme\index.php(10): esc_url(Array)
#2 C:\Users\olsia\Local Sites\deval\app\public\wp-includes\template-loader.php(106): include('C:\\Users\\olsia\\...')
#3 C:\Users\olsia\Local Sites\deval\app\public\wp-blog-header.php(19): require_once('C:\\Users\\olsia\\...')
#4 C:\Users\olsia\Local Sites\deval\app\public\index.php(17): require('C:\\Users\\olsia\\...')
#5 {main}
  thrown in C:\Users\olsia\Local Sites\deval\app\public\wp-includes\formatting.php on line 4415
[24-Jun-2023 13:51:51 UTC] PHP Fatal error:  Uncaught TypeError: ltrim(): Argument #1 ($string) must be of type string, array given in C:\Users\olsia\Local Sites\deval\app\public\wp-includes\formatting.php:4415
Stack trace:
#0 C:\Users\olsia\Local Sites\deval\app\public\wp-includes\formatting.php(4415): ltrim(Array)
#1 C:\Users\olsia\Local Sites\deval\app\public\wp-content\themes\dev.al-theme\index.php(10): esc_url(Array)
#2 C:\Users\olsia\Local Sites\deval\app\public\wp-includes\template-loader.php(106): include('C:\\Users\\olsia\\...')
#3 C:\Users\olsia\Local Sites\deval\app\public\wp-blog-header.php(19): require_once('C:\\Users\\olsia\\...')
#4 C:\Users\olsia\Local Sites\deval\app\public\index.php(17): require('C:\\Users\\olsia\\...')
#5 {main}
  thrown in C:\Users\olsia\Local Sites\deval\app\public\wp-includes\formatting.php on line 4415
[24-Jun-2023 13:51:53 UTC] PHP Fatal error:  Uncaught TypeError: ltrim(): Argument #1 ($string) must be of type string, array given in C:\Users\olsia\Local Sites\deval\app\public\wp-includes\formatting.php:4415
Stack trace:
#0 C:\Users\olsia\Local Sites\deval\app\public\wp-includes\formatting.php(4415): ltrim(Array)
#1 C:\Users\olsia\Local Sites\deval\app\public\wp-content\themes\dev.al-theme\index.php(10): esc_url(Array)
#2 C:\Users\olsia\Local Sites\deval\app\public\wp-includes\template-loader.php(106): include('C:\\Users\\olsia\\...')
#3 C:\Users\olsia\Local Sites\deval\app\public\wp-blog-header.php(19): require_once('C:\\Users\\olsia\\...')
#4 C:\Users\olsia\Local Sites\deval\app\public\index.php(17): require('C:\\Users\\olsia\\...')
#5 {main}
  thrown in C:\Users\olsia\Local Sites\deval\app\public\wp-includes\formatting.php on line 4415
[24-Jun-2023 14:33:10 UTC] PHP Warning:  Undefined variable $background_image in C:\Users\olsia\Local Sites\deval\app\public\wp-content\themes\dev.al-theme\page-hero.php on line 17
[24-Jun-2023 14:33:10 UTC] PHP Warning:  Undefined variable $heading_text in C:\Users\olsia\Local Sites\deval\app\public\wp-content\themes\dev.al-theme\page-hero.php on line 19
[24-Jun-2023 14:33:10 UTC] PHP Warning:  Undefined variable $paragraph in C:\Users\olsia\Local Sites\deval\app\public\wp-content\themes\dev.al-theme\page-hero.php on line 20
[24-Jun-2023 14:33:10 UTC] PHP Warning:  Undefined variable $button_url in C:\Users\olsia\Local Sites\deval\app\public\wp-content\themes\dev.al-theme\page-hero.php on line 21
[24-Jun-2023 14:33:10 UTC] PHP Warning:  Undefined variable $button_text in C:\Users\olsia\Local Sites\deval\app\public\wp-content\themes\dev.al-theme\page-hero.php on line 21
[24-Jun-2023 14:33:10 UTC] PHP Warning:  Undefined variable $background_image in C:\Users\olsia\Local Sites\deval\app\public\wp-content\themes\dev.al-theme\page-hero.php on line 17
[24-Jun-2023 14:33:10 UTC] PHP Warning:  Undefined variable $heading_text in C:\Users\olsia\Local Sites\deval\app\public\wp-content\themes\dev.al-theme\page-hero.php on line 19
[24-Jun-2023 14:33:10 UTC] PHP Warning:  Undefined variable $paragraph in C:\Users\olsia\Local Sites\deval\app\public\wp-content\themes\dev.al-theme\page-hero.php on line 20
[24-Jun-2023 14:33:10 UTC] PHP Warning:  Undefined variable $button_url in C:\Users\olsia\Local Sites\deval\app\public\wp-content\themes\dev.al-theme\page-hero.php on line 21
[24-Jun-2023 14:33:10 UTC] PHP Warning:  Undefined variable $button_text in C:\Users\olsia\Local Sites\deval\app\public\wp-content\themes\dev.al-theme\page-hero.php on line 21
[24-Jun-2023 14:33:35 UTC] PHP Warning:  Attempt to read property "title" on null in C:\Users\olsia\Local Sites\deval\app\public\wp-includes\class-wp-customize-widgets.php on line 905
[24-Jun-2023 14:33:40 UTC] PHP Warning:  Attempt to read property "title" on null in C:\Users\olsia\Local Sites\deval\app\public\wp-includes\class-wp-customize-widgets.php on line 905
[24-Jun-2023 14:36:57 UTC] PHP Parse error:  syntax error, unexpected token "<", expecting end of file in C:\Users\olsia\Local Sites\deval\app\public\wp-content\themes\dev.al-theme\page-hero.php on line 11
[24-Jun-2023 14:56:41 UTC] PHP Warning:  Attempt to read property "title" on null in C:\Users\olsia\Local Sites\deval\app\public\wp-includes\class-wp-customize-widgets.php on line 905
[24-Jun-2023 14:58:48 UTC] PHP Warning:  Attempt to read property "title" on null in C:\Users\olsia\Local Sites\deval\app\public\wp-includes\class-wp-customize-widgets.php on line 905
[24-Jun-2023 15:06:47 UTC] PHP Warning:  Trying to access array offset on value of type null in C:\Users\olsia\Local Sites\deval\app\public\wp-content\themes\dev.al-theme\index.php on line 12
[24-Jun-2023 15:06:47 UTC] PHP Warning:  Trying to access array offset on value of type null in C:\Users\olsia\Local Sites\deval\app\public\wp-content\themes\dev.al-theme\index.php on line 16
[24-Jun-2023 15:06:47 UTC] PHP Warning:  Trying to access array offset on value of type null in C:\Users\olsia\Local Sites\deval\app\public\wp-content\themes\dev.al-theme\index.php on line 16
[24-Jun-2023 15:06:47 UTC] PHP Warning:  Trying to access array offset on value of type null in C:\Users\olsia\Local Sites\deval\app\public\wp-content\themes\dev.al-theme\index.php on line 12
[24-Jun-2023 15:06:47 UTC] PHP Warning:  Trying to access array offset on value of type null in C:\Users\olsia\Local Sites\deval\app\public\wp-content\themes\dev.al-theme\index.php on line 16
[24-Jun-2023 15:06:47 UTC] PHP Warning:  Trying to access array offset on value of type null in C:\Users\olsia\Local Sites\deval\app\public\wp-content\themes\dev.al-theme\index.php on line 16
[24-Jun-2023 15:07:13 UTC] PHP Warning:  Trying to access array offset on value of type null in C:\Users\olsia\Local Sites\deval\app\public\wp-content\themes\dev.al-theme\index.php on line 12
[24-Jun-2023 15:07:13 UTC] PHP Warning:  Trying to access array offset on value of type null in C:\Users\olsia\Local Sites\deval\app\public\wp-content\themes\dev.al-theme\index.php on line 16
[24-Jun-2023 15:07:13 UTC] PHP Warning:  Trying to access array offset on value of type null in C:\Users\olsia\Local Sites\deval\app\public\wp-content\themes\dev.al-theme\index.php on line 16
[24-Jun-2023 15:07:13 UTC] PHP Warning:  Trying to access array offset on value of type null in C:\Users\olsia\Local Sites\deval\app\public\wp-content\themes\dev.al-theme\index.php on line 12
[24-Jun-2023 15:07:13 UTC] PHP Warning:  Trying to access array offset on value of type null in C:\Users\olsia\Local Sites\deval\app\public\wp-content\themes\dev.al-theme\index.php on line 16
[24-Jun-2023 15:07:13 UTC] PHP Warning:  Trying to access array offset on value of type null in C:\Users\olsia\Local Sites\deval\app\public\wp-content\themes\dev.al-theme\index.php on line 16
[24-Jun-2023 15:07:25 UTC] PHP Warning:  Trying to access array offset on value of type null in C:\Users\olsia\Local Sites\deval\app\public\wp-content\themes\dev.al-theme\index.php on line 12
[24-Jun-2023 15:07:25 UTC] PHP Warning:  Trying to access array offset on value of type null in C:\Users\olsia\Local Sites\deval\app\public\wp-content\themes\dev.al-theme\index.php on line 16
[24-Jun-2023 15:07:25 UTC] PHP Warning:  Trying to access array offset on value of type null in C:\Users\olsia\Local Sites\deval\app\public\wp-content\themes\dev.al-theme\index.php on line 16
[24-Jun-2023 15:07:25 UTC] PHP Warning:  Trying to access array offset on value of type null in C:\Users\olsia\Local Sites\deval\app\public\wp-content\themes\dev.al-theme\index.php on line 12
[24-Jun-2023 15:07:25 UTC] PHP Warning:  Trying to access array offset on value of type null in C:\Users\olsia\Local Sites\deval\app\public\wp-content\themes\dev.al-theme\index.php on line 16
[24-Jun-2023 15:07:25 UTC] PHP Warning:  Trying to access array offset on value of type null in C:\Users\olsia\Local Sites\deval\app\public\wp-content\themes\dev.al-theme\index.php on line 16
[25-Jun-2023 13:06:09 UTC] PHP Warning:  Attempt to read property "title" on null in C:\Users\olsia\Local Sites\deval\app\public\wp-includes\class-wp-customize-widgets.php on line 905
[25-Jun-2023 13:22:44 UTC] PHP Warning:  Attempt to read property "ID" on null in C:\Users\olsia\Local Sites\deval\app\public\wp-content\themes\dev.al-theme\index.php on line 5
[25-Jun-2023 13:27:18 UTC] PHP Warning:  Attempt to read property "ID" on null in C:\Users\olsia\Local Sites\deval\app\public\wp-content\themes\dev.al-theme\index.php on line 5
[25-Jun-2023 13:27:37 UTC] PHP Warning:  Attempt to read property "ID" on null in C:\Users\olsia\Local Sites\deval\app\public\wp-content\themes\dev.al-theme\index.php on line 5
[25-Jun-2023 13:34:52 UTC] PHP Warning:  Attempt to read property "ID" on null in C:\Users\olsia\Local Sites\deval\app\public\wp-content\themes\dev.al-theme\index.php on line 5
[25-Jun-2023 13:34:54 UTC] PHP Warning:  Attempt to read property "ID" on null in C:\Users\olsia\Local Sites\deval\app\public\wp-content\themes\dev.al-theme\index.php on line 5
[25-Jun-2023 13:35:24 UTC] PHP Warning:  Attempt to read property "ID" on null in C:\Users\olsia\Local Sites\deval\app\public\wp-content\themes\dev.al-theme\index.php on line 5
[25-Jun-2023 13:36:12 UTC] PHP Warning:  Attempt to read property "ID" on null in C:\Users\olsia\Local Sites\deval\app\public\wp-content\themes\dev.al-theme\index.php on line 5
[25-Jun-2023 13:36:12 UTC] PHP Warning:  Attempt to read property "ID" on null in C:\Users\olsia\Local Sites\deval\app\public\wp-content\themes\dev.al-theme\index.php on line 5
[25-Jun-2023 13:58:17 UTC] PHP Warning:  Array to string conversion in C:\Users\olsia\Local Sites\deval\app\public\wp-content\themes\dev.al-theme\page-hero.php on line 19
[25-Jun-2023 13:58:45 UTC] PHP Warning:  Array to string conversion in C:\Users\olsia\Local Sites\deval\app\public\wp-content\themes\dev.al-theme\page-hero.php on line 19
[25-Jun-2023 13:58:55 UTC] PHP Warning:  Array to string conversion in C:\Users\olsia\Local Sites\deval\app\public\wp-content\themes\dev.al-theme\page-hero.php on line 19
[25-Jun-2023 13:59:06 UTC] PHP Warning:  Array to string conversion in C:\Users\olsia\Local Sites\deval\app\public\wp-content\themes\dev.al-theme\page-hero.php on line 19
[25-Jun-2023 13:59:22 UTC] PHP Warning:  Array to string conversion in C:\Users\olsia\Local Sites\deval\app\public\wp-content\themes\dev.al-theme\page-hero.php on line 19
[25-Jun-2023 13:59:24 UTC] PHP Warning:  Array to string conversion in C:\Users\olsia\Local Sites\deval\app\public\wp-content\themes\dev.al-theme\page-hero.php on line 19
[25-Jun-2023 13:59:50 UTC] PHP Warning:  Array to string conversion in C:\Users\olsia\Local Sites\deval\app\public\wp-content\themes\dev.al-theme\page-hero.php on line 19
[25-Jun-2023 14:00:23 UTC] PHP Warning:  Array to string conversion in C:\Users\olsia\Local Sites\deval\app\public\wp-content\themes\dev.al-theme\page-hero.php on line 19
[25-Jun-2023 14:00:55 UTC] PHP Warning:  Array to string conversion in C:\Users\olsia\Local Sites\deval\app\public\wp-content\themes\dev.al-theme\page-hero.php on line 19
[25-Jun-2023 14:00:57 UTC] PHP Warning:  Array to string conversion in C:\Users\olsia\Local Sites\deval\app\public\wp-content\themes\dev.al-theme\page-hero.php on line 19
[25-Jun-2023 15:11:57 UTC] PHP Fatal error:  Uncaught TypeError: call_user_func_array(): Argument #1 ($callback) must be a valid callback, function "shapeSpace_enable_gutenberg_post_ids" not found or invalid function name in C:\Users\olsia\Local Sites\deval\app\public\wp-includes\class-wp-hook.php:308
Stack trace:
#0 C:\Users\olsia\Local Sites\deval\app\public\wp-includes\plugin.php(205): WP_Hook->apply_filters(true, Array)
#1 C:\Users\olsia\Local Sites\deval\app\public\wp-includes\post.php(8108): apply_filters('use_block_edito...', true, Object(WP_Post))
#2 C:\Users\olsia\Local Sites\deval\app\public\wp-admin\post-new.php(71): use_block_editor_for_post(Object(WP_Post))
#3 {main}
  thrown in C:\Users\olsia\Local Sites\deval\app\public\wp-includes\class-wp-hook.php on line 308
[25-Jun-2023 15:11:59 UTC] PHP Fatal error:  Uncaught TypeError: call_user_func_array(): Argument #1 ($callback) must be a valid callback, function "shapeSpace_enable_gutenberg_post_ids" not found or invalid function name in C:\Users\olsia\Local Sites\deval\app\public\wp-includes\class-wp-hook.php:308
Stack trace:
#0 C:\Users\olsia\Local Sites\deval\app\public\wp-includes\plugin.php(205): WP_Hook->apply_filters(true, Array)
#1 C:\Users\olsia\Local Sites\deval\app\public\wp-includes\post.php(8108): apply_filters('use_block_edito...', true, Object(WP_Post))
#2 C:\Users\olsia\Local Sites\deval\app\public\wp-admin\post-new.php(71): use_block_editor_for_post(Object(WP_Post))
#3 {main}
  thrown in C:\Users\olsia\Local Sites\deval\app\public\wp-includes\class-wp-hook.php on line 308
[25-Jun-2023 15:12:35 UTC] PHP Fatal error:  Uncaught TypeError: call_user_func_array(): Argument #1 ($callback) must be a valid callback, function "shapeSpace_enable_gutenberg_post_ids" not found or invalid function name in C:\Users\olsia\Local Sites\deval\app\public\wp-includes\class-wp-hook.php:308
Stack trace:
#0 C:\Users\olsia\Local Sites\deval\app\public\wp-includes\plugin.php(205): WP_Hook->apply_filters(true, Array)
#1 C:\Users\olsia\Local Sites\deval\app\public\wp-includes\post.php(8108): apply_filters('use_block_edito...', true, Object(WP_Post))
#2 C:\Users\olsia\Local Sites\deval\app\public\wp-admin\post-new.php(71): use_block_editor_for_post(Object(WP_Post))
#3 {main}
  thrown in C:\Users\olsia\Local Sites\deval\app\public\wp-includes\class-wp-hook.php on line 308
[25-Jun-2023 15:56:28 UTC] PHP Parse error:  syntax error, unexpected token "<", expecting end of file in C:\Users\olsia\Local Sites\deval\app\public\wp-content\themes\dev.al-theme\functions.php on line 46
[25-Jun-2023 15:56:28 UTC] PHP Warning:  Trying to access array offset on value of type bool in C:\Users\olsia\Local Sites\deval\app\public\wp-includes\class-wp-recovery-mode-email-service.php on line 367
[25-Jun-2023 15:56:28 UTC] PHP Warning:  Trying to access array offset on value of type bool in C:\Users\olsia\Local Sites\deval\app\public\wp-includes\class-wp-recovery-mode-email-service.php on line 368
[25-Jun-2023 15:56:29 UTC] PHP Parse error:  syntax error, unexpected token "<", expecting end of file in C:\Users\olsia\Local Sites\deval\app\public\wp-content\themes\dev.al-theme\functions.php on line 46
[25-Jun-2023 15:58:47 UTC] PHP Warning:  Trying to access array offset on value of type null in C:\Users\olsia\Local Sites\deval\app\public\wp-content\themes\dev.al-theme\functions.php on line 61
[25-Jun-2023 15:59:18 UTC] PHP Warning:  Trying to access array offset on value of type null in C:\Users\olsia\Local Sites\deval\app\public\wp-content\themes\dev.al-theme\functions.php on line 61
[25-Jun-2023 16:01:34 UTC] PHP Warning:  Trying to access array offset on value of type bool in C:\Users\olsia\Local Sites\deval\app\public\wp-content\themes\dev.al-theme\functions.php on line 61
[25-Jun-2023 16:02:28 UTC] PHP Warning:  Trying to access array offset on value of type null in C:\Users\olsia\Local Sites\deval\app\public\wp-content\themes\dev.al-theme\functions.php on line 61
[25-Jun-2023 16:02:28 UTC] PHP Warning:  Trying to access array offset on value of type null in C:\Users\olsia\Local Sites\deval\app\public\wp-content\themes\dev.al-theme\functions.php on line 61
[25-Jun-2023 16:23:51 UTC] PHP Warning:  Trying to access array offset on value of type null in C:\Users\olsia\Local Sites\deval\app\public\wp-content\themes\dev.al-theme\functions.php on line 61
[25-Jun-2023 16:24:02 UTC] PHP Warning:  Trying to access array offset on value of type bool in C:\Users\olsia\Local Sites\deval\app\public\wp-content\themes\dev.al-theme\functions.php on line 61
[25-Jun-2023 16:24:02 UTC] PHP Warning:  Trying to access array offset on value of type null in C:\Users\olsia\Local Sites\deval\app\public\wp-content\themes\dev.al-theme\functions.php on line 61
[25-Jun-2023 16:24:55 UTC] PHP Warning:  Trying to access array offset on value of type null in C:\Users\olsia\Local Sites\deval\app\public\wp-content\themes\dev.al-theme\functions.php on line 61
[25-Jun-2023 16:24:55 UTC] PHP Warning:  Trying to access array offset on value of type null in C:\Users\olsia\Local Sites\deval\app\public\wp-content\themes\dev.al-theme\functions.php on line 61
[25-Jun-2023 16:24:55 UTC] PHP Warning:  Trying to access array offset on value of type null in C:\Users\olsia\Local Sites\deval\app\public\wp-content\themes\dev.al-theme\functions.php on line 61
[25-Jun-2023 16:26:32 UTC] PHP Warning:  Trying to access array offset on value of type null in C:\Users\olsia\Local Sites\deval\app\public\wp-content\themes\dev.al-theme\functions.php on line 64
[25-Jun-2023 16:26:36 UTC] PHP Warning:  Trying to access array offset on value of type bool in C:\Users\olsia\Local Sites\deval\app\public\wp-content\themes\dev.al-theme\functions.php on line 64
[25-Jun-2023 16:26:36 UTC] PHP Warning:  Trying to access array offset on value of type null in C:\Users\olsia\Local Sites\deval\app\public\wp-content\themes\dev.al-theme\functions.php on line 64
[25-Jun-2023 16:30:05 UTC] PHP Warning:  Trying to access array offset on value of type null in C:\Users\olsia\Local Sites\deval\app\public\wp-content\themes\dev.al-theme\functions.php on line 64
[25-Jun-2023 16:30:10 UTC] PHP Warning:  Trying to access array offset on value of type bool in C:\Users\olsia\Local Sites\deval\app\public\wp-content\themes\dev.al-theme\functions.php on line 64
[25-Jun-2023 16:30:10 UTC] PHP Warning:  Trying to access array offset on value of type null in C:\Users\olsia\Local Sites\deval\app\public\wp-content\themes\dev.al-theme\functions.php on line 64
[25-Jun-2023 16:30:58 UTC] PHP Warning:  Trying to access array offset on value of type null in C:\Users\olsia\Local Sites\deval\app\public\wp-content\themes\dev.al-theme\functions.php on line 64
[25-Jun-2023 16:31:06 UTC] PHP Warning:  Trying to access array offset on value of type bool in C:\Users\olsia\Local Sites\deval\app\public\wp-content\themes\dev.al-theme\functions.php on line 64
[25-Jun-2023 16:31:06 UTC] PHP Warning:  Trying to access array offset on value of type null in C:\Users\olsia\Local Sites\deval\app\public\wp-content\themes\dev.al-theme\functions.php on line 64
[25-Jun-2023 16:32:00 UTC] PHP Warning:  Trying to access array offset on value of type null in C:\Users\olsia\Local Sites\deval\app\public\wp-content\themes\dev.al-theme\functions.php on line 64
[25-Jun-2023 16:35:04 UTC] PHP Warning:  Trying to access array offset on value of type null in C:\Users\olsia\Local Sites\deval\app\public\wp-content\themes\dev.al-theme\functions.php on line 64
[25-Jun-2023 16:35:08 UTC] PHP Warning:  Trying to access array offset on value of type bool in C:\Users\olsia\Local Sites\deval\app\public\wp-content\themes\dev.al-theme\functions.php on line 64
[25-Jun-2023 16:35:08 UTC] PHP Warning:  Trying to access array offset on value of type null in C:\Users\olsia\Local Sites\deval\app\public\wp-content\themes\dev.al-theme\functions.php on line 64
[25-Jun-2023 16:40:12 UTC] PHP Warning:  Trying to access array offset on value of type null in C:\Users\olsia\Local Sites\deval\app\public\wp-content\themes\dev.al-theme\functions.php on line 64
[25-Jun-2023 16:40:17 UTC] PHP Warning:  Trying to access array offset on value of type bool in C:\Users\olsia\Local Sites\deval\app\public\wp-content\themes\dev.al-theme\functions.php on line 64
[25-Jun-2023 16:40:17 UTC] PHP Warning:  Trying to access array offset on value of type null in C:\Users\olsia\Local Sites\deval\app\public\wp-content\themes\dev.al-theme\functions.php on line 64
[25-Jun-2023 16:41:14 UTC] PHP Warning:  Trying to access array offset on value of type null in C:\Users\olsia\Local Sites\deval\app\public\wp-content\themes\dev.al-theme\functions.php on line 64
[25-Jun-2023 16:42:15 UTC] PHP Warning:  Trying to access array offset on value of type null in C:\Users\olsia\Local Sites\deval\app\public\wp-content\themes\dev.al-theme\functions.php on line 64
[25-Jun-2023 16:42:15 UTC] PHP Warning:  Trying to access array offset on value of type null in C:\Users\olsia\Local Sites\deval\app\public\wp-content\themes\dev.al-theme\functions.php on line 64
[25-Jun-2023 16:43:08 UTC] PHP Warning:  Trying to access array offset on value of type null in C:\Users\olsia\Local Sites\deval\app\public\wp-content\themes\dev.al-theme\functions.php on line 64
[25-Jun-2023 16:43:50 UTC] PHP Warning:  Trying to access array offset on value of type null in C:\Users\olsia\Local Sites\deval\app\public\wp-content\themes\dev.al-theme\functions.php on line 64
[25-Jun-2023 16:44:19 UTC] PHP Warning:  Trying to access array offset on value of type null in C:\Users\olsia\Local Sites\deval\app\public\wp-content\themes\dev.al-theme\functions.php on line 64
[25-Jun-2023 16:50:16 UTC] PHP Warning:  Undefined variable $block in C:\Users\olsia\Local Sites\deval\app\public\wp-content\themes\dev.al-theme\template-parts\content-hero.php on line 14
[25-Jun-2023 16:50:16 UTC] PHP Warning:  Trying to access array offset on value of type null in C:\Users\olsia\Local Sites\deval\app\public\wp-content\themes\dev.al-theme\template-parts\content-hero.php on line 14
[25-Jun-2023 16:50:16 UTC] PHP Warning:  Undefined variable $block in C:\Users\olsia\Local Sites\deval\app\public\wp-content\themes\dev.al-theme\template-parts\content-hero.php on line 14
[25-Jun-2023 16:50:16 UTC] PHP Warning:  Trying to access array offset on value of type null in C:\Users\olsia\Local Sites\deval\app\public\wp-content\themes\dev.al-theme\template-parts\content-hero.php on line 14
[25-Jun-2023 16:50:16 UTC] PHP Warning:  Trying to access array offset on value of type null in C:\Users\olsia\Local Sites\deval\app\public\wp-content\themes\dev.al-theme\template-parts\content-hero.php on line 25
[25-Jun-2023 16:51:49 UTC] PHP Warning:  Undefined variable $block in C:\Users\olsia\Local Sites\deval\app\public\wp-content\themes\dev.al-theme\template-parts\content-hero.php on line 4
[25-Jun-2023 16:51:49 UTC] PHP Warning:  Trying to access array offset on value of type null in C:\Users\olsia\Local Sites\deval\app\public\wp-content\themes\dev.al-theme\template-parts\content-hero.php on line 4
[25-Jun-2023 16:51:49 UTC] PHP Warning:  Undefined variable $block in C:\Users\olsia\Local Sites\deval\app\public\wp-content\themes\dev.al-theme\template-parts\content-hero.php on line 4
[25-Jun-2023 16:51:49 UTC] PHP Warning:  Trying to access array offset on value of type null in C:\Users\olsia\Local Sites\deval\app\public\wp-content\themes\dev.al-theme\template-parts\content-hero.php on line 4
[25-Jun-2023 16:51:49 UTC] PHP Warning:  Trying to access array offset on value of type null in C:\Users\olsia\Local Sites\deval\app\public\wp-content\themes\dev.al-theme\template-parts\content-hero.php on line 15
[25-Jun-2023 16:54:21 UTC] PHP Warning:  Undefined variable $button in C:\Users\olsia\Local Sites\deval\app\public\wp-content\themes\dev.al-theme\template-parts\content-hero.php on line 22
[25-Jun-2023 16:54:21 UTC] PHP Warning:  Trying to access array offset on value of type null in C:\Users\olsia\Local Sites\deval\app\public\wp-content\themes\dev.al-theme\template-parts\content-hero.php on line 22
[25-Jun-2023 16:54:21 UTC] PHP Warning:  Undefined variable $button in C:\Users\olsia\Local Sites\deval\app\public\wp-content\themes\dev.al-theme\template-parts\content-hero.php on line 22
[25-Jun-2023 16:54:21 UTC] PHP Warning:  Trying to access array offset on value of type null in C:\Users\olsia\Local Sites\deval\app\public\wp-content\themes\dev.al-theme\template-parts\content-hero.php on line 22
[25-Jun-2023 16:54:21 UTC] PHP Warning:  Trying to access array offset on value of type null in C:\Users\olsia\Local Sites\deval\app\public\wp-content\themes\dev.al-theme\template-parts\content-hero.php on line 19
[25-Jun-2023 16:54:21 UTC] PHP Warning:  Undefined variable $button in C:\Users\olsia\Local Sites\deval\app\public\wp-content\themes\dev.al-theme\template-parts\content-hero.php on line 22
[25-Jun-2023 16:54:21 UTC] PHP Warning:  Trying to access array offset on value of type null in C:\Users\olsia\Local Sites\deval\app\public\wp-content\themes\dev.al-theme\template-parts\content-hero.php on line 22
[25-Jun-2023 16:54:21 UTC] PHP Warning:  Undefined variable $button in C:\Users\olsia\Local Sites\deval\app\public\wp-content\themes\dev.al-theme\template-parts\content-hero.php on line 22
[25-Jun-2023 16:54:21 UTC] PHP Warning:  Trying to access array offset on value of type null in C:\Users\olsia\Local Sites\deval\app\public\wp-content\themes\dev.al-theme\template-parts\content-hero.php on line 22
[25-Jun-2023 16:56:02 UTC] PHP Warning:  Undefined variable $block in C:\Users\olsia\Local Sites\deval\app\public\wp-content\themes\dev.al-theme\template-parts\content-hero.php on line 12
[25-Jun-2023 16:56:02 UTC] PHP Warning:  Trying to access array offset on value of type null in C:\Users\olsia\Local Sites\deval\app\public\wp-content\themes\dev.al-theme\template-parts\content-hero.php on line 12
[25-Jun-2023 16:56:03 UTC] PHP Warning:  Undefined variable $block in C:\Users\olsia\Local Sites\deval\app\public\wp-content\themes\dev.al-theme\template-parts\content-hero.php on line 12
[25-Jun-2023 16:56:03 UTC] PHP Warning:  Trying to access array offset on value of type null in C:\Users\olsia\Local Sites\deval\app\public\wp-content\themes\dev.al-theme\template-parts\content-hero.php on line 12
[25-Jun-2023 16:56:03 UTC] PHP Warning:  Trying to access array offset on value of type null in C:\Users\olsia\Local Sites\deval\app\public\wp-content\themes\dev.al-theme\template-parts\content-hero.php on line 22
[25-Jun-2023 16:57:54 UTC] PHP Warning:  Trying to access array offset on value of type null in C:\Users\olsia\Local Sites\deval\app\public\wp-content\themes\dev.al-theme\template-parts\content-hero.php on line 22
[25-Jun-2023 16:58:19 UTC] PHP Warning:  Trying to access array offset on value of type null in C:\Users\olsia\Local Sites\deval\app\public\wp-content\themes\dev.al-theme\template-parts\content-hero.php on line 22
[25-Jun-2023 19:57:06 UTC] PHP Warning:  Trying to access array offset on value of type null in C:\Users\olsia\Local Sites\deval\app\public\wp-content\themes\dev.al-theme\template-parts\content-hero.php on line 22
[25-Jun-2023 19:57:38 UTC] PHP Warning:  Trying to access array offset on value of type null in C:\Users\olsia\Local Sites\deval\app\public\wp-content\themes\dev.al-theme\template-parts\content-hero.php on line 22
[25-Jun-2023 19:58:03 UTC] PHP Warning:  Trying to access array offset on value of type null in C:\Users\olsia\Local Sites\deval\app\public\wp-content\themes\dev.al-theme\template-parts\content-hero.php on line 22
[25-Jun-2023 19:58:05 UTC] PHP Warning:  Trying to access array offset on value of type null in C:\Users\olsia\Local Sites\deval\app\public\wp-content\themes\dev.al-theme\template-parts\content-hero.php on line 22
[25-Jun-2023 19:59:09 UTC] PHP Warning:  Trying to access array offset on value of type null in C:\Users\olsia\Local Sites\deval\app\public\wp-content\themes\dev.al-theme\template-parts\content-hero.php on line 22
[25-Jun-2023 20:00:48 UTC] PHP Warning:  Trying to access array offset on value of type null in C:\Users\olsia\Local Sites\deval\app\public\wp-content\themes\dev.al-theme\template-parts\content-hero.php on line 22
[25-Jun-2023 20:01:06 UTC] PHP Warning:  Trying to access array offset on value of type null in C:\Users\olsia\Local Sites\deval\app\public\wp-content\themes\dev.al-theme\template-parts\content-hero.php on line 22
[25-Jun-2023 20:01:33 UTC] PHP Warning:  Trying to access array offset on value of type null in C:\Users\olsia\Local Sites\deval\app\public\wp-content\themes\dev.al-theme\template-parts\content-hero.php on line 22
[25-Jun-2023 20:01:42 UTC] PHP Warning:  Trying to access array offset on value of type null in C:\Users\olsia\Local Sites\deval\app\public\wp-content\themes\dev.al-theme\template-parts\content-hero.php on line 22
[25-Jun-2023 20:02:09 UTC] PHP Warning:  Trying to access array offset on value of type null in C:\Users\olsia\Local Sites\deval\app\public\wp-content\themes\dev.al-theme\template-parts\content-hero.php on line 22
[25-Jun-2023 20:02:18 UTC] PHP Warning:  Trying to access array offset on value of type null in C:\Users\olsia\Local Sites\deval\app\public\wp-content\themes\dev.al-theme\template-parts\content-hero.php on line 22
[25-Jun-2023 20:02:20 UTC] PHP Warning:  Trying to access array offset on value of type null in C:\Users\olsia\Local Sites\deval\app\public\wp-content\themes\dev.al-theme\template-parts\content-hero.php on line 22
[25-Jun-2023 20:02:25 UTC] PHP Warning:  Trying to access array offset on value of type null in C:\Users\olsia\Local Sites\deval\app\public\wp-content\themes\dev.al-theme\template-parts\content-hero.php on line 22
[25-Jun-2023 20:02:26 UTC] PHP Warning:  Trying to access array offset on value of type null in C:\Users\olsia\Local Sites\deval\app\public\wp-content\themes\dev.al-theme\template-parts\content-hero.php on line 22
[25-Jun-2023 20:02:27 UTC] PHP Warning:  Trying to access array offset on value of type null in C:\Users\olsia\Local Sites\deval\app\public\wp-content\themes\dev.al-theme\template-parts\content-hero.php on line 22
[25-Jun-2023 20:02:27 UTC] PHP Warning:  Trying to access array offset on value of type null in C:\Users\olsia\Local Sites\deval\app\public\wp-content\themes\dev.al-theme\template-parts\content-hero.php on line 22
[25-Jun-2023 20:02:27 UTC] PHP Warning:  Trying to access array offset on value of type null in C:\Users\olsia\Local Sites\deval\app\public\wp-content\themes\dev.al-theme\template-parts\content-hero.php on line 22
[25-Jun-2023 20:02:43 UTC] PHP Warning:  Trying to access array offset on value of type null in C:\Users\olsia\Local Sites\deval\app\public\wp-content\themes\dev.al-theme\template-parts\content-hero.php on line 22
[25-Jun-2023 20:02:57 UTC] PHP Warning:  Trying to access array offset on value of type null in C:\Users\olsia\Local Sites\deval\app\public\wp-content\themes\dev.al-theme\template-parts\content-hero.php on line 22
[25-Jun-2023 20:03:32 UTC] PHP Warning:  Trying to access array offset on value of type null in C:\Users\olsia\Local Sites\deval\app\public\wp-content\themes\dev.al-theme\template-parts\content-hero.php on line 22
[25-Jun-2023 20:05:12 UTC] PHP Warning:  Trying to access array offset on value of type null in C:\Users\olsia\Local Sites\deval\app\public\wp-content\themes\dev.al-theme\template-parts\content-hero.php on line 22
[25-Jun-2023 20:05:22 UTC] PHP Warning:  Trying to access array offset on value of type null in C:\Users\olsia\Local Sites\deval\app\public\wp-content\themes\dev.al-theme\template-parts\content-hero.php on line 22
[25-Jun-2023 20:05:36 UTC] PHP Warning:  Trying to access array offset on value of type null in C:\Users\olsia\Local Sites\deval\app\public\wp-content\themes\dev.al-theme\template-parts\content-hero.php on line 22
[25-Jun-2023 20:05:39 UTC] PHP Warning:  Trying to access array offset on value of type null in C:\Users\olsia\Local Sites\deval\app\public\wp-content\themes\dev.al-theme\template-parts\content-hero.php on line 22
[25-Jun-2023 20:05:55 UTC] PHP Warning:  Trying to access array offset on value of type null in C:\Users\olsia\Local Sites\deval\app\public\wp-content\themes\dev.al-theme\template-parts\content-hero.php on line 22
[25-Jun-2023 20:06:04 UTC] PHP Warning:  Trying to access array offset on value of type null in C:\Users\olsia\Local Sites\deval\app\public\wp-content\themes\dev.al-theme\template-parts\content-hero.php on line 22
[25-Jun-2023 20:06:05 UTC] PHP Warning:  Trying to access array offset on value of type null in C:\Users\olsia\Local Sites\deval\app\public\wp-content\themes\dev.al-theme\template-parts\content-hero.php on line 22
[25-Jun-2023 20:06:06 UTC] PHP Warning:  Trying to access array offset on value of type null in C:\Users\olsia\Local Sites\deval\app\public\wp-content\themes\dev.al-theme\template-parts\content-hero.php on line 22
[25-Jun-2023 20:06:11 UTC] PHP Warning:  Trying to access array offset on value of type null in C:\Users\olsia\Local Sites\deval\app\public\wp-content\themes\dev.al-theme\template-parts\content-hero.php on line 22
[25-Jun-2023 20:07:22 UTC] PHP Warning:  Trying to access array offset on value of type null in C:\Users\olsia\Local Sites\deval\app\public\wp-content\themes\dev.al-theme\template-parts\content-hero.php on line 22
[25-Jun-2023 20:07:32 UTC] PHP Warning:  Trying to access array offset on value of type null in C:\Users\olsia\Local Sites\deval\app\public\wp-content\themes\dev.al-theme\template-parts\content-hero.php on line 22
[25-Jun-2023 20:07:35 UTC] PHP Warning:  Trying to access array offset on value of type null in C:\Users\olsia\Local Sites\deval\app\public\wp-content\themes\dev.al-theme\template-parts\content-hero.php on line 22
[25-Jun-2023 20:07:43 UTC] PHP Warning:  Trying to access array offset on value of type null in C:\Users\olsia\Local Sites\deval\app\public\wp-content\themes\dev.al-theme\template-parts\content-hero.php on line 22
[25-Jun-2023 20:08:57 UTC] PHP Warning:  Trying to access array offset on value of type null in C:\Users\olsia\Local Sites\deval\app\public\wp-content\themes\dev.al-theme\template-parts\content-hero.php on line 22
[25-Jun-2023 20:09:17 UTC] PHP Warning:  Trying to access array offset on value of type null in C:\Users\olsia\Local Sites\deval\app\public\wp-content\themes\dev.al-theme\template-parts\content-hero.php on line 22
[25-Jun-2023 20:09:20 UTC] PHP Warning:  Trying to access array offset on value of type null in C:\Users\olsia\Local Sites\deval\app\public\wp-content\themes\dev.al-theme\template-parts\content-hero.php on line 22
[25-Jun-2023 20:09:27 UTC] PHP Warning:  Trying to access array offset on value of type null in C:\Users\olsia\Local Sites\deval\app\public\wp-content\themes\dev.al-theme\template-parts\content-hero.php on line 22
[25-Jun-2023 20:09:44 UTC] PHP Warning:  Trying to access array offset on value of type null in C:\Users\olsia\Local Sites\deval\app\public\wp-content\themes\dev.al-theme\template-parts\content-hero.php on line 22
[25-Jun-2023 20:11:19 UTC] PHP Warning:  Trying to access array offset on value of type null in C:\Users\olsia\Local Sites\deval\app\public\wp-content\themes\dev.al-theme\template-parts\content-hero.php on line 22
[25-Jun-2023 20:11:27 UTC] PHP Warning:  Trying to access array offset on value of type null in C:\Users\olsia\Local Sites\deval\app\public\wp-content\themes\dev.al-theme\template-parts\content-hero.php on line 22
[25-Jun-2023 20:15:27 UTC] PHP Warning:  Trying to access array offset on value of type null in C:\Users\olsia\Local Sites\deval\app\public\wp-content\themes\dev.al-theme\template-parts\content-hero.php on line 22
[25-Jun-2023 20:15:54 UTC] PHP Warning:  Trying to access array offset on value of type null in C:\Users\olsia\Local Sites\deval\app\public\wp-content\themes\dev.al-theme\template-parts\content-hero.php on line 22
[25-Jun-2023 20:17:32 UTC] PHP Warning:  Trying to access array offset on value of type null in C:\Users\olsia\Local Sites\deval\app\public\wp-content\themes\dev.al-theme\template-parts\content-hero.php on line 22
[25-Jun-2023 20:17:34 UTC] PHP Warning:  Trying to access array offset on value of type null in C:\Users\olsia\Local Sites\deval\app\public\wp-content\themes\dev.al-theme\template-parts\content-hero.php on line 22
[25-Jun-2023 20:17:49 UTC] PHP Warning:  Trying to access array offset on value of type null in C:\Users\olsia\Local Sites\deval\app\public\wp-content\themes\dev.al-theme\template-parts\content-hero.php on line 22
[25-Jun-2023 20:17:59 UTC] PHP Warning:  Trying to access array offset on value of type null in C:\Users\olsia\Local Sites\deval\app\public\wp-content\themes\dev.al-theme\template-parts\content-hero.php on line 22
[25-Jun-2023 20:18:04 UTC] PHP Warning:  Trying to access array offset on value of type null in C:\Users\olsia\Local Sites\deval\app\public\wp-content\themes\dev.al-theme\template-parts\content-hero.php on line 22
[25-Jun-2023 20:18:14 UTC] PHP Warning:  Trying to access array offset on value of type null in C:\Users\olsia\Local Sites\deval\app\public\wp-content\themes\dev.al-theme\template-parts\content-hero.php on line 22
[25-Jun-2023 20:18:23 UTC] PHP Warning:  Trying to access array offset on value of type null in C:\Users\olsia\Local Sites\deval\app\public\wp-content\themes\dev.al-theme\template-parts\content-hero.php on line 22
[25-Jun-2023 20:18:44 UTC] PHP Warning:  Trying to access array offset on value of type null in C:\Users\olsia\Local Sites\deval\app\public\wp-content\themes\dev.al-theme\template-parts\content-hero.php on line 22
[25-Jun-2023 20:19:06 UTC] PHP Warning:  Trying to access array offset on value of type null in C:\Users\olsia\Local Sites\deval\app\public\wp-content\themes\dev.al-theme\template-parts\content-hero.php on line 22
[25-Jun-2023 20:19:16 UTC] PHP Warning:  Trying to access array offset on value of type null in C:\Users\olsia\Local Sites\deval\app\public\wp-content\themes\dev.al-theme\template-parts\content-hero.php on line 22
[25-Jun-2023 20:20:56 UTC] PHP Warning:  Trying to access array offset on value of type null in C:\Users\olsia\Local Sites\deval\app\public\wp-content\themes\dev.al-theme\template-parts\content-hero.php on line 22
[25-Jun-2023 20:21:49 UTC] PHP Warning:  Trying to access array offset on value of type null in C:\Users\olsia\Local Sites\deval\app\public\wp-content\themes\dev.al-theme\template-parts\content-hero.php on line 22
[25-Jun-2023 20:22:13 UTC] PHP Warning:  Trying to access array offset on value of type null in C:\Users\olsia\Local Sites\deval\app\public\wp-content\themes\dev.al-theme\template-parts\content-hero.php on line 22
[25-Jun-2023 20:24:33 UTC] PHP Warning:  Trying to access array offset on value of type null in C:\Users\olsia\Local Sites\deval\app\public\wp-content\themes\dev.al-theme\template-parts\content-hero.php on line 22
[25-Jun-2023 20:25:00 UTC] PHP Warning:  Trying to access array offset on value of type null in C:\Users\olsia\Local Sites\deval\app\public\wp-content\themes\dev.al-theme\template-parts\content-hero.php on line 22
[25-Jun-2023 20:26:45 UTC] PHP Warning:  Trying to access array offset on value of type null in C:\Users\olsia\Local Sites\deval\app\public\wp-content\themes\dev.al-theme\template-parts\content-hero.php on line 22
[25-Jun-2023 20:27:14 UTC] PHP Warning:  Trying to access array offset on value of type null in C:\Users\olsia\Local Sites\deval\app\public\wp-content\themes\dev.al-theme\template-parts\content-hero.php on line 22
[25-Jun-2023 20:28:27 UTC] PHP Warning:  Trying to access array offset on value of type null in C:\Users\olsia\Local Sites\deval\app\public\wp-content\themes\dev.al-theme\template-parts\content-hero.php on line 22
[25-Jun-2023 20:28:34 UTC] PHP Warning:  Trying to access array offset on value of type null in C:\Users\olsia\Local Sites\deval\app\public\wp-content\themes\dev.al-theme\template-parts\content-hero.php on line 22
[25-Jun-2023 20:29:03 UTC] PHP Warning:  Trying to access array offset on value of type null in C:\Users\olsia\Local Sites\deval\app\public\wp-content\themes\dev.al-theme\template-parts\content-hero.php on line 22
[25-Jun-2023 20:29:09 UTC] PHP Warning:  Trying to access array offset on value of type null in C:\Users\olsia\Local Sites\deval\app\public\wp-content\themes\dev.al-theme\template-parts\content-hero.php on line 22
[25-Jun-2023 20:29:46 UTC] PHP Warning:  Trying to access array offset on value of type null in C:\Users\olsia\Local Sites\deval\app\public\wp-content\themes\dev.al-theme\template-parts\content-hero.php on line 22
[25-Jun-2023 20:30:02 UTC] PHP Warning:  Trying to access array offset on value of type null in C:\Users\olsia\Local Sites\deval\app\public\wp-content\themes\dev.al-theme\template-parts\content-hero.php on line 22
[25-Jun-2023 20:33:42 UTC] PHP Warning:  Trying to access array offset on value of type null in C:\Users\olsia\Local Sites\deval\app\public\wp-content\themes\dev.al-theme\template-parts\content-hero.php on line 22
[25-Jun-2023 20:34:00 UTC] PHP Warning:  Trying to access array offset on value of type null in C:\Users\olsia\Local Sites\deval\app\public\wp-content\themes\dev.al-theme\template-parts\content-hero.php on line 22
[25-Jun-2023 20:35:19 UTC] PHP Warning:  Trying to access array offset on value of type null in C:\Users\olsia\Local Sites\deval\app\public\wp-content\themes\dev.al-theme\template-parts\content-hero.php on line 22
[25-Jun-2023 20:36:12 UTC] PHP Warning:  Trying to access array offset on value of type null in C:\Users\olsia\Local Sites\deval\app\public\wp-content\themes\dev.al-theme\template-parts\content-hero.php on line 22
[25-Jun-2023 20:37:36 UTC] PHP Warning:  Trying to access array offset on value of type null in C:\Users\olsia\Local Sites\deval\app\public\wp-content\themes\dev.al-theme\template-parts\content-hero.php on line 22
[25-Jun-2023 20:39:21 UTC] PHP Warning:  Trying to access array offset on value of type null in C:\Users\olsia\Local Sites\deval\app\public\wp-content\themes\dev.al-theme\template-parts\content-hero.php on line 22
[25-Jun-2023 20:40:16 UTC] PHP Warning:  Trying to access array offset on value of type null in C:\Users\olsia\Local Sites\deval\app\public\wp-content\themes\dev.al-theme\template-parts\content-hero.php on line 22
[25-Jun-2023 20:44:00 UTC] PHP Warning:  Trying to access array offset on value of type null in C:\Users\olsia\Local Sites\deval\app\public\wp-content\themes\dev.al-theme\template-parts\content-hero.php on line 22
[25-Jun-2023 20:44:17 UTC] PHP Warning:  Trying to access array offset on value of type null in C:\Users\olsia\Local Sites\deval\app\public\wp-content\themes\dev.al-theme\template-parts\content-hero.php on line 22
